c:\users\gsp057\documents\visual studio 2015\作品\2dシューティング 「タイトル未定」 (c++リメイク)\2dシューティング 「タイトル未定」 (c++リメイク)\debug\vc140.pdb
c:\users\gsp057\documents\visual studio 2015\作品\2dシューティング 「タイトル未定」 (c++リメイク)\2dシューティング 「タイトル未定」 (c++リメイク)\debug\vc140.idb
c:\users\gsp057\documents\visual studio 2015\作品\2dシューティング 「タイトル未定」 (c++リメイク)\2dシューティング 「タイトル未定」 (c++リメイク)\debug\input.obj
c:\users\gsp057\documents\visual studio 2015\作品\2dシューティング 「タイトル未定」 (c++リメイク)\2dシューティング 「タイトル未定」 (c++リメイク)\debug\keyboard.obj
c:\users\gsp057\documents\visual studio 2015\作品\2dシューティング 「タイトル未定」 (c++リメイク)\2dシューティング 「タイトル未定」 (c++リメイク)\debug\main.obj
c:\users\gsp057\documents\visual studio 2015\作品\2dシューティング 「タイトル未定」 (c++リメイク)\2dシューティング 「タイトル未定」 (c++リメイク)\debug\manager.obj
c:\users\gsp057\documents\visual studio 2015\作品\2dシューティング 「タイトル未定」 (c++リメイク)\2dシューティング 「タイトル未定」 (c++リメイク)\debug\renderer.obj
c:\users\gsp057\documents\visual studio 2015\作品\2dシューティング 「タイトル未定」 (c++リメイク)\2dシューティング 「タイトル未定」 (c++リメイク)\debug\scene.obj
c:\users\gsp057\documents\visual studio 2015\作品\2dシューティング 「タイトル未定」 (c++リメイク)\2dシューティング 「タイトル未定」 (c++リメイク)\debug\scene2d.obj
c:\users\gsp057\documents\visual studio 2015\作品\2dシューティング 「タイトル未定」 (c++リメイク)\2dシューティング 「タイトル未定」 (c++リメイク)\debug\player.obj
c:\users\gsp057\documents\visual studio 2015\作品\2dシューティング 「タイトル未定」 (c++リメイク)\2dシューティング 「タイトル未定」 (c++リメイク)\debug\sound.obj
c:\users\gsp057\documents\visual studio 2015\作品\2dシューティング 「タイトル未定」 (c++リメイク)\2dシューティング 「タイトル未定」 (c++リメイク)\debug\bg.obj
c:\users\gsp057\documents\visual studio 2015\作品\2dシューティング 「タイトル未定」 (c++リメイク)\2dシューティング 「タイトル未定」 (c++リメイク)\debug\bullet.obj
c:\users\gsp057\documents\visual studio 2015\作品\2dシューティング 「タイトル未定」 (c++リメイク)\2dシューティング 「タイトル未定」 (c++リメイク)\debug\enemy.obj
c:\users\gsp057\documents\visual studio 2015\作品\2dシューティング 「タイトル未定」 (c++リメイク)\2dシューティング 「タイトル未定」 (c++リメイク)\debug\explosion.obj
c:\users\gsp057\documents\visual studio 2015\作品\2dシューティング 「タイトル未定」 (c++リメイク)\2dシューティング 「タイトル未定」 (c++リメイク)\debug\item.obj
c:\users\gsp057\documents\visual studio 2015\作品\2dシューティング 「タイトル未定」 (c++リメイク)\2dシューティング 「タイトル未定」 (c++リメイク)\debug\effect.obj
c:\users\gsp057\documents\visual studio 2015\作品\2dシューティング 「タイトル未定」 (c++リメイク)\2dシューティング 「タイトル未定」 (c++リメイク)\debug\life.obj
c:\users\gsp057\documents\visual studio 2015\作品\2dシューティング 「タイトル未定」 (c++リメイク)\2dシューティング 「タイトル未定」 (c++リメイク)\debug\number.obj
c:\users\gsp057\documents\visual studio 2015\作品\2dシューティング 「タイトル未定」 (c++リメイク)\2dシューティング 「タイトル未定」 (c++リメイク)\debug\score.obj
c:\users\gsp057\documents\visual studio 2015\作品\2dシューティング 「タイトル未定」 (c++リメイク)\2dシューティング 「タイトル未定」 (c++リメイク)\debug\barrier.obj
c:\users\gsp057\documents\visual studio 2015\作品\2dシューティング 「タイトル未定」 (c++リメイク)\2dシューティング 「タイトル未定」 (c++リメイク)\debug\time.obj
c:\users\gsp057\documents\visual studio 2015\作品\2dシューティング 「タイトル未定」 (c++リメイク)\2dシューティング 「タイトル未定」 (c++リメイク)\debug\game.obj
c:\users\gsp057\documents\visual studio 2015\作品\2dシューティング 「タイトル未定」 (c++リメイク)\2dシューティング 「タイトル未定」 (c++リメイク)\debug\result.obj
c:\users\gsp057\documents\visual studio 2015\作品\2dシューティング 「タイトル未定」 (c++リメイク)\2dシューティング 「タイトル未定」 (c++リメイク)\debug\mode.obj
c:\users\gsp057\documents\visual studio 2015\作品\2dシューティング 「タイトル未定」 (c++リメイク)\2dシューティング 「タイトル未定」 (c++リメイク)\debug\title.obj
c:\users\gsp057\documents\visual studio 2015\作品\2dシューティング 「タイトル未定」 (c++リメイク)\2dシューティング 「タイトル未定」 (c++リメイク)\debug\score_attack.obj
c:\users\gsp057\documents\visual studio 2015\作品\2dシューティング 「タイトル未定」 (c++リメイク)\2dシューティング 「タイトル未定」 (c++リメイク)\debug\select.obj
c:\users\gsp057\documents\visual studio 2015\作品\2dシューティング 「タイトル未定」 (c++リメイク)\2dシューティング 「タイトル未定」 (c++リメイク)\debug\life2.obj
c:\users\gsp057\documents\visual studio 2015\作品\2dシューティング 「タイトル未定」 (c++リメイク)\2dシューティング 「タイトル未定」 (c++リメイク)\debug\ui.obj
c:\users\gsp057\documents\visual studio 2015\作品\2dシューティング 「タイトル未定」 (c++リメイク)\2dシューティング 「タイトル未定」 (c++リメイク)\debug\fade.obj
c:\users\gsp057\documents\visual studio 2015\作品\2dシューティング 「タイトル未定」 (c++リメイク)\2dシューティング 「タイトル未定」 (c++リメイク)\debug\gameclear.obj
c:\users\gsp057\documents\visual studio 2015\作品\2dシューティング 「タイトル未定」 (c++リメイク)\2dシューティング 「タイトル未定」 (c++リメイク)\debug\ranking.obj
c:\users\gsp057\documents\visual studio 2015\作品\2dシューティング 「タイトル未定」 (c++リメイク)\2dシューティング 「タイトル未定」 (c++リメイク)\debug\scorescreen.obj
c:\users\gsp057\documents\visual studio 2015\作品\2dシューティング 「タイトル未定」 (c++リメイク)\2dシューティング 「タイトル未定」 (c++リメイク)\debug\tutorial.obj
c:\users\gsp057\documents\visual studio 2015\作品\2dシューティング 「タイトル未定」 (c++リメイク)\2dシューティング 「タイトル未定」 (c++リメイク)\debug\door.obj
c:\users\gsp057\documents\visual studio 2015\作品\2dシューティング 「タイトル未定」 (c++リメイク)\2dシューティング 「タイトル未定」 (c++リメイク)\debug\tutorial_game.obj
c:\users\gsp057\documents\visual studio 2015\作品\2dシューティング 「タイトル未定」 (c++リメイク)\2dシューティング 「タイトル未定」 (c++リメイク)\debug\tutorial_score_attack.obj
c:\users\gsp057\documents\visual studio 2015\作品\2dシューティング 「タイトル未定」 (c++リメイク)\2dシューティング 「タイトル未定」 (c++リメイク)\debug\tcp_client.obj
c:\users\gsp057\documents\visual studio 2015\作品\2dシューティング 「タイトル未定」 (c++リメイク)\2dシューティング 「タイトル未定」 (c++リメイク)\debug\start_count.obj
c:\users\gsp057\documents\visual studio 2015\作品\2dシューティング 「タイトル未定」 (c++リメイク)\2dシューティング 「タイトル未定」 (c++リメイク)\debug\finish.obj
c:\users\gsp057\documents\visual studio 2015\作品\2dシューティング 「タイトル未定」 (c++リメイク)\2dシューティング 「タイトル未定」 (c++リメイク)\debug\message.obj
c:\users\gsp057\documents\visual studio 2015\作品\2dシューティング 「タイトル未定」 (c++リメイク)\debug\2dシューティング 「タイトル未定」 (c++リメイク).ilk
c:\users\gsp057\documents\visual studio 2015\作品\2dシューティング 「タイトル未定」 (c++リメイク)\debug\2dシューティング 「タイトル未定」 (c++リメイク).exe
c:\users\gsp057\documents\visual studio 2015\作品\2dシューティング 「タイトル未定」 (c++リメイク)\debug\2dシューティング 「タイトル未定」 (c++リメイク).pdb
c:\users\gsp057\documents\visual studio 2015\作品\2dシューティング 「タイトル未定」 (c++リメイク)\2dシューティング 「タイトル未定」 (c++リメイク)\debug\player.obj.enc
c:\users\gsp057\documents\visual studio 2015\作品\2dシューティング 「タイトル未定」 (c++リメイク)\2dシューティング 「タイトル未定」 (c++リメイク)\debug\ranking.obj.enc
c:\users\gsp057\documents\visual studio 2015\作品\2dシューティング 「タイトル未定」 (c++リメイク)\2dシューティング 「タイトル未定」 (c++リメイク)\debug\scene2d.obj.enc
c:\users\gsp057\documents\visual studio 2015\作品\2dシューティング 「タイトル未定」 (c++リメイク)\2dシューティング 「タイトル未定」 (c++リメイク)\debug\score_attack.obj.enc
c:\users\gsp057\documents\visual studio 2015\作品\2dシューティング 「タイトル未定」 (c++リメイク)\2dシューティング 「タイトル未定」 (c++リメイク)\debug\2dシューティン.60df62b1.tlog\cl.command.1.tlog
c:\users\gsp057\documents\visual studio 2015\作品\2dシューティング 「タイトル未定」 (c++リメイク)\2dシューティング 「タイトル未定」 (c++リメイク)\debug\2dシューティン.60df62b1.tlog\cl.read.1.tlog
c:\users\gsp057\documents\visual studio 2015\作品\2dシューティング 「タイトル未定」 (c++リメイク)\2dシューティング 「タイトル未定」 (c++リメイク)\debug\2dシューティン.60df62b1.tlog\cl.write.1.tlog
c:\users\gsp057\documents\visual studio 2015\作品\2dシューティング 「タイトル未定」 (c++リメイク)\2dシューティング 「タイトル未定」 (c++リメイク)\debug\2dシューティン.60df62b1.tlog\link.command.1.tlog
c:\users\gsp057\documents\visual studio 2015\作品\2dシューティング 「タイトル未定」 (c++リメイク)\2dシューティング 「タイトル未定」 (c++リメイク)\debug\2dシューティン.60df62b1.tlog\link.read.1.tlog
c:\users\gsp057\documents\visual studio 2015\作品\2dシューティング 「タイトル未定」 (c++リメイク)\2dシューティング 「タイトル未定」 (c++リメイク)\debug\2dシューティン.60df62b1.tlog\link.write.1.tlog
